ARM GAS  C:\Users\Malth\AppData\Local\Temp\ccnQZEev.s 			page 1


   1              		.syntax unified
   2              		.cpu cortex-m3
   3              		.fpu softvfp
   4              		.eabi_attribute 20, 1
   5              		.eabi_attribute 21, 1
   6              		.eabi_attribute 23, 3
   7              		.eabi_attribute 24, 1
   8              		.eabi_attribute 25, 1
   9              		.eabi_attribute 26, 1
  10              		.eabi_attribute 30, 1
  11              		.eabi_attribute 34, 1
  12              		.eabi_attribute 18, 4
  13              		.thumb
  14              		.syntax unified
  15              		.file	"sensor.c"
  16              		.text
  17              	.Ltext0:
  18              		.cfi_sections	.debug_frame
  19              		.section	.text.Read2Bytes,"ax",%progbits
  20              		.align	2
  21              		.global	Read2Bytes
  22              		.thumb
  23              		.thumb_func
  24              		.type	Read2Bytes, %function
  25              	Read2Bytes:
  26              	.LFB64:
  27              		.file 1 "sensor.c"
   1:sensor.c      **** /* ========================================
   2:sensor.c      ****  *
   3:sensor.c      ****  * Copyright YOUR COMPANY, THE YEAR
   4:sensor.c      ****  * All Rights Reserved
   5:sensor.c      ****  * UNPUBLISHED, LICENSED SOFTWARE.
   6:sensor.c      ****  *
   7:sensor.c      ****  * CONFIDENTIAL AND PROPRIETARY INFORMATION
   8:sensor.c      ****  * WHICH IS THE PROPERTY OF your company.
   9:sensor.c      ****  *
  10:sensor.c      ****  * ========================================
  11:sensor.c      **** */
  12:sensor.c      **** 
  13:sensor.c      **** #include "project.h"
  14:sensor.c      **** #include "stdio.h"
  15:sensor.c      **** 
  16:sensor.c      **** uint8_t responseData[0] ;
  17:sensor.c      **** 
  18:sensor.c      **** void Read2Bytes(uint8_t data[], uint8_t address)
  19:sensor.c      **** {
  28              		.loc 1 19 0
  29              		.cfi_startproc
  30              		@ args = 0, pretend = 0, frame = 0
  31              		@ frame_needed = 0, uses_anonymous_args = 0
  32              	.LVL0:
  33 0000 38B5     		push	{r3, r4, r5, lr}
  34              		.cfi_def_cfa_offset 16
  35              		.cfi_offset 3, -16
  36              		.cfi_offset 4, -12
  37              		.cfi_offset 5, -8
  38              		.cfi_offset 14, -4
ARM GAS  C:\Users\Malth\AppData\Local\Temp\ccnQZEev.s 			page 2


  39 0002 0546     		mov	r5, r0
  40 0004 0C46     		mov	r4, r1
  20:sensor.c      ****     //I2C Communication
  21:sensor.c      ****     uint8_t response;
  22:sensor.c      ****     I2C_MasterClearStatus();
  41              		.loc 1 22 0
  42 0006 FFF7FEFF 		bl	I2C_MasterClearStatus
  43              	.LVL1:
  23:sensor.c      ****     //I2C Start
  24:sensor.c      ****     response = I2C_MasterSendStart(address, 1) ;
  44              		.loc 1 24 0
  45 000a 0121     		movs	r1, #1
  46 000c 2046     		mov	r0, r4
  47 000e FFF7FEFF 		bl	I2C_MasterSendStart
  48              	.LVL2:
  25:sensor.c      ****     if (I2C_MSTR_NO_ERROR == response) {   
  49              		.loc 1 25 0
  50 0012 50B9     		cbnz	r0, .L2
  26:sensor.c      ****         data[0] = I2C_MasterReadByte(I2C_ACK_DATA); // Integer
  51              		.loc 1 26 0
  52 0014 0120     		movs	r0, #1
  53              	.LVL3:
  54 0016 FFF7FEFF 		bl	I2C_MasterReadByte
  55              	.LVL4:
  56 001a 2870     		strb	r0, [r5]
  27:sensor.c      ****         data[1] = I2C_MasterReadByte(I2C_NAK_DATA); // Fraction
  57              		.loc 1 27 0
  58 001c 0020     		movs	r0, #0
  59 001e FFF7FEFF 		bl	I2C_MasterReadByte
  60              	.LVL5:
  61 0022 6870     		strb	r0, [r5, #1]
  28:sensor.c      ****         I2C_MasterSendStop();
  62              		.loc 1 28 0
  63 0024 FFF7FEFF 		bl	I2C_MasterSendStop
  64              	.LVL6:
  65 0028 38BD     		pop	{r3, r4, r5, pc}
  66              	.LVL7:
  67              	.L2:
  29:sensor.c      ****     }
  30:sensor.c      ****         else
  31:sensor.c      ****     {
  32:sensor.c      ****         // error
  33:sensor.c      ****         UART_1_PutString("Error in fetching temp from LM75");
  68              		.loc 1 33 0
  69 002a 0348     		ldr	r0, .L5
  70              	.LVL8:
  71 002c FFF7FEFF 		bl	UART_1_PutString
  72              	.LVL9:
  34:sensor.c      ****         UART_1_PutString("\r\n");        
  73              		.loc 1 34 0
  74 0030 0248     		ldr	r0, .L5+4
  75 0032 FFF7FEFF 		bl	UART_1_PutString
  76              	.LVL10:
  77 0036 38BD     		pop	{r3, r4, r5, pc}
  78              	.LVL11:
  79              	.L6:
  80              		.align	2
ARM GAS  C:\Users\Malth\AppData\Local\Temp\ccnQZEev.s 			page 3


  81              	.L5:
  82 0038 00000000 		.word	.LC0
  83 003c 24000000 		.word	.LC1
  84              		.cfi_endproc
  85              	.LFE64:
  86              		.size	Read2Bytes, .-Read2Bytes
  87              		.global	__aeabi_i2f
  88              		.global	__aeabi_fmul
  89              		.section	.text.getTemp,"ax",%progbits
  90              		.align	2
  91              		.global	getTemp
  92              		.thumb
  93              		.thumb_func
  94              		.type	getTemp, %function
  95              	getTemp:
  96              	.LFB65:
  35:sensor.c      ****     }    
  36:sensor.c      ****     //I2C Stop 
  37:sensor.c      **** }
  38:sensor.c      **** float getTemp(uint8_t address){
  97              		.loc 1 38 0
  98              		.cfi_startproc
  99              		@ args = 0, pretend = 0, frame = 0
 100              		@ frame_needed = 0, uses_anonymous_args = 0
 101              	.LVL12:
 102 0000 10B5     		push	{r4, lr}
 103              		.cfi_def_cfa_offset 8
 104              		.cfi_offset 4, -8
 105              		.cfi_offset 14, -4
  39:sensor.c      ****     Read2Bytes(responseData, address); // reads from I2C
 106              		.loc 1 39 0
 107 0002 084C     		ldr	r4, .L9
 108 0004 0146     		mov	r1, r0
 109 0006 2046     		mov	r0, r4
 110              	.LVL13:
 111 0008 FFF7FEFF 		bl	Read2Bytes
 112              	.LVL14:
  40:sensor.c      ****     float combinedValues  = (float)(((responseData[0] << 8) | responseData[1]) >> 5) * 0.125;
 113              		.loc 1 40 0
 114 000c 2078     		ldrb	r0, [r4]	@ zero_extendqisi2
 115 000e 6378     		ldrb	r3, [r4, #1]	@ zero_extendqisi2
 116 0010 43EA0020 		orr	r0, r3, r0, lsl #8
 117 0014 4011     		asrs	r0, r0, #5
 118 0016 FFF7FEFF 		bl	__aeabi_i2f
 119              	.LVL15:
 120 001a 4FF07851 		mov	r1, #1040187392
 121 001e FFF7FEFF 		bl	__aeabi_fmul
 122              	.LVL16:
  41:sensor.c      ****     return combinedValues;
  42:sensor.c      **** }
 123              		.loc 1 42 0
 124 0022 10BD     		pop	{r4, pc}
 125              	.L10:
 126              		.align	2
 127              	.L9:
 128 0024 00000000 		.word	responseData
 129              		.cfi_endproc
ARM GAS  C:\Users\Malth\AppData\Local\Temp\ccnQZEev.s 			page 4


 130              	.LFE65:
 131              		.size	getTemp, .-getTemp
 132              		.comm	responseData,0,4
 133              		.section	.rodata.str1.4,"aMS",%progbits,1
 134              		.align	2
 135              	.LC0:
 136 0000 4572726F 		.ascii	"Error in fetching temp from LM75\000"
 136      7220696E 
 136      20666574 
 136      6368696E 
 136      67207465 
 137 0021 000000   		.space	3
 138              	.LC1:
 139 0024 0D0A00   		.ascii	"\015\012\000"
 140              		.text
 141              	.Letext0:
 142              		.file 2 "c:\\program files (x86)\\cypress\\psoc creator\\4.2\\psoc creator\\import\\gnu\\arm\\5.4.
 143              		.file 3 "c:\\program files (x86)\\cypress\\psoc creator\\4.2\\psoc creator\\import\\gnu\\arm\\5.4.
 144              		.file 4 "Generated_Source\\PSoC5/core_cm3.h"
 145              		.file 5 "Generated_Source\\PSoC5/I2C.h"
 146              		.file 6 "Generated_Source\\PSoC5/UART_1.h"
 147              		.section	.debug_info,"",%progbits
 148              	.Ldebug_info0:
 149 0000 29020000 		.4byte	0x229
 150 0004 0400     		.2byte	0x4
 151 0006 00000000 		.4byte	.Ldebug_abbrev0
 152 000a 04       		.byte	0x4
 153 000b 01       		.uleb128 0x1
 154 000c 56000000 		.4byte	.LASF29
 155 0010 0C       		.byte	0xc
 156 0011 B8010000 		.4byte	.LASF30
 157 0015 31010000 		.4byte	.LASF31
 158 0019 00000000 		.4byte	.Ldebug_ranges0+0
 159 001d 00000000 		.4byte	0
 160 0021 00000000 		.4byte	.Ldebug_line0
 161 0025 02       		.uleb128 0x2
 162 0026 01       		.byte	0x1
 163 0027 06       		.byte	0x6
 164 0028 39020000 		.4byte	.LASF0
 165 002c 03       		.uleb128 0x3
 166 002d 00000000 		.4byte	.LASF4
 167 0031 02       		.byte	0x2
 168 0032 1D       		.byte	0x1d
 169 0033 37000000 		.4byte	0x37
 170 0037 02       		.uleb128 0x2
 171 0038 01       		.byte	0x1
 172 0039 08       		.byte	0x8
 173 003a 48000000 		.4byte	.LASF1
 174 003e 02       		.uleb128 0x2
 175 003f 02       		.byte	0x2
 176 0040 05       		.byte	0x5
 177 0041 0F020000 		.4byte	.LASF2
 178 0045 02       		.uleb128 0x2
 179 0046 02       		.byte	0x2
 180 0047 07       		.byte	0x7
 181 0048 F6000000 		.4byte	.LASF3
 182 004c 03       		.uleb128 0x3
ARM GAS  C:\Users\Malth\AppData\Local\Temp\ccnQZEev.s 			page 5


 183 004d 1D000000 		.4byte	.LASF5
 184 0051 02       		.byte	0x2
 185 0052 3F       		.byte	0x3f
 186 0053 57000000 		.4byte	0x57
 187 0057 02       		.uleb128 0x2
 188 0058 04       		.byte	0x4
 189 0059 05       		.byte	0x5
 190 005a 24020000 		.4byte	.LASF6
 191 005e 02       		.uleb128 0x2
 192 005f 04       		.byte	0x4
 193 0060 07       		.byte	0x7
 194 0061 E4000000 		.4byte	.LASF7
 195 0065 02       		.uleb128 0x2
 196 0066 08       		.byte	0x8
 197 0067 05       		.byte	0x5
 198 0068 E1010000 		.4byte	.LASF8
 199 006c 02       		.uleb128 0x2
 200 006d 08       		.byte	0x8
 201 006e 07       		.byte	0x7
 202 006f 83010000 		.4byte	.LASF9
 203 0073 04       		.uleb128 0x4
 204 0074 04       		.byte	0x4
 205 0075 05       		.byte	0x5
 206 0076 696E7400 		.ascii	"int\000"
 207 007a 02       		.uleb128 0x2
 208 007b 04       		.byte	0x4
 209 007c 07       		.byte	0x7
 210 007d 6E010000 		.4byte	.LASF10
 211 0081 03       		.uleb128 0x3
 212 0082 9A010000 		.4byte	.LASF11
 213 0086 03       		.byte	0x3
 214 0087 18       		.byte	0x18
 215 0088 2C000000 		.4byte	0x2c
 216 008c 03       		.uleb128 0x3
 217 008d D0010000 		.4byte	.LASF12
 218 0091 03       		.byte	0x3
 219 0092 2C       		.byte	0x2c
 220 0093 4C000000 		.4byte	0x4c
 221 0097 02       		.uleb128 0x2
 222 0098 04       		.byte	0x4
 223 0099 04       		.byte	0x4
 224 009a 3D000000 		.4byte	.LASF13
 225 009e 02       		.uleb128 0x2
 226 009f 08       		.byte	0x8
 227 00a0 04       		.byte	0x4
 228 00a1 2A010000 		.4byte	.LASF14
 229 00a5 02       		.uleb128 0x2
 230 00a6 01       		.byte	0x1
 231 00a7 08       		.byte	0x8
 232 00a8 F7010000 		.4byte	.LASF15
 233 00ac 02       		.uleb128 0x2
 234 00ad 08       		.byte	0x8
 235 00ae 04       		.byte	0x4
 236 00af 2D020000 		.4byte	.LASF16
 237 00b3 02       		.uleb128 0x2
 238 00b4 04       		.byte	0x4
 239 00b5 07       		.byte	0x7
ARM GAS  C:\Users\Malth\AppData\Local\Temp\ccnQZEev.s 			page 6


 240 00b6 D8010000 		.4byte	.LASF17
 241 00ba 05       		.uleb128 0x5
 242 00bb 19020000 		.4byte	.LASF32
 243 00bf 01       		.byte	0x1
 244 00c0 12       		.byte	0x12
 245 00c1 00000000 		.4byte	.LFB64
 246 00c5 40000000 		.4byte	.LFE64-.LFB64
 247 00c9 01       		.uleb128 0x1
 248 00ca 9C       		.byte	0x9c
 249 00cb 78010000 		.4byte	0x178
 250 00cf 06       		.uleb128 0x6
 251 00d0 43000000 		.4byte	.LASF18
 252 00d4 01       		.byte	0x1
 253 00d5 12       		.byte	0x12
 254 00d6 78010000 		.4byte	0x178
 255 00da 00000000 		.4byte	.LLST0
 256 00de 06       		.uleb128 0x6
 257 00df 7B010000 		.4byte	.LASF19
 258 00e3 01       		.byte	0x1
 259 00e4 12       		.byte	0x12
 260 00e5 81000000 		.4byte	0x81
 261 00e9 2C000000 		.4byte	.LLST1
 262 00ed 07       		.uleb128 0x7
 263 00ee AF010000 		.4byte	.LASF20
 264 00f2 01       		.byte	0x1
 265 00f3 15       		.byte	0x15
 266 00f4 81000000 		.4byte	0x81
 267 00f8 4D000000 		.4byte	.LLST2
 268 00fc 08       		.uleb128 0x8
 269 00fd 0A000000 		.4byte	.LVL1
 270 0101 F5010000 		.4byte	0x1f5
 271 0105 09       		.uleb128 0x9
 272 0106 12000000 		.4byte	.LVL2
 273 010a 00020000 		.4byte	0x200
 274 010e 1E010000 		.4byte	0x11e
 275 0112 0A       		.uleb128 0xa
 276 0113 01       		.uleb128 0x1
 277 0114 50       		.byte	0x50
 278 0115 02       		.uleb128 0x2
 279 0116 74       		.byte	0x74
 280 0117 00       		.sleb128 0
 281 0118 0A       		.uleb128 0xa
 282 0119 01       		.uleb128 0x1
 283 011a 51       		.byte	0x51
 284 011b 01       		.uleb128 0x1
 285 011c 31       		.byte	0x31
 286 011d 00       		.byte	0
 287 011e 09       		.uleb128 0x9
 288 011f 1A000000 		.4byte	.LVL4
 289 0123 0B020000 		.4byte	0x20b
 290 0127 31010000 		.4byte	0x131
 291 012b 0A       		.uleb128 0xa
 292 012c 01       		.uleb128 0x1
 293 012d 50       		.byte	0x50
 294 012e 01       		.uleb128 0x1
 295 012f 31       		.byte	0x31
 296 0130 00       		.byte	0
ARM GAS  C:\Users\Malth\AppData\Local\Temp\ccnQZEev.s 			page 7


 297 0131 09       		.uleb128 0x9
 298 0132 22000000 		.4byte	.LVL5
 299 0136 0B020000 		.4byte	0x20b
 300 013a 44010000 		.4byte	0x144
 301 013e 0A       		.uleb128 0xa
 302 013f 01       		.uleb128 0x1
 303 0140 50       		.byte	0x50
 304 0141 01       		.uleb128 0x1
 305 0142 30       		.byte	0x30
 306 0143 00       		.byte	0
 307 0144 08       		.uleb128 0x8
 308 0145 28000000 		.4byte	.LVL6
 309 0149 16020000 		.4byte	0x216
 310 014d 09       		.uleb128 0x9
 311 014e 30000000 		.4byte	.LVL9
 312 0152 21020000 		.4byte	0x221
 313 0156 64010000 		.4byte	0x164
 314 015a 0A       		.uleb128 0xa
 315 015b 01       		.uleb128 0x1
 316 015c 50       		.byte	0x50
 317 015d 05       		.uleb128 0x5
 318 015e 03       		.byte	0x3
 319 015f 00000000 		.4byte	.LC0
 320 0163 00       		.byte	0
 321 0164 0B       		.uleb128 0xb
 322 0165 36000000 		.4byte	.LVL10
 323 0169 21020000 		.4byte	0x221
 324 016d 0A       		.uleb128 0xa
 325 016e 01       		.uleb128 0x1
 326 016f 50       		.byte	0x50
 327 0170 05       		.uleb128 0x5
 328 0171 03       		.byte	0x3
 329 0172 24000000 		.4byte	.LC1
 330 0176 00       		.byte	0
 331 0177 00       		.byte	0
 332 0178 0C       		.uleb128 0xc
 333 0179 04       		.byte	0x4
 334 017a 81000000 		.4byte	0x81
 335 017e 0D       		.uleb128 0xd
 336 017f EF010000 		.4byte	.LASF33
 337 0183 01       		.byte	0x1
 338 0184 26       		.byte	0x26
 339 0185 97000000 		.4byte	0x97
 340 0189 00000000 		.4byte	.LFB65
 341 018d 28000000 		.4byte	.LFE65-.LFB65
 342 0191 01       		.uleb128 0x1
 343 0192 9C       		.byte	0x9c
 344 0193 C4010000 		.4byte	0x1c4
 345 0197 06       		.uleb128 0x6
 346 0198 7B010000 		.4byte	.LASF19
 347 019c 01       		.byte	0x1
 348 019d 26       		.byte	0x26
 349 019e 81000000 		.4byte	0x81
 350 01a2 6B000000 		.4byte	.LLST3
 351 01a6 0E       		.uleb128 0xe
 352 01a7 C1010000 		.4byte	.LASF21
 353 01ab 01       		.byte	0x1
ARM GAS  C:\Users\Malth\AppData\Local\Temp\ccnQZEev.s 			page 8


 354 01ac 28       		.byte	0x28
 355 01ad 97000000 		.4byte	0x97
 356 01b1 01       		.uleb128 0x1
 357 01b2 50       		.byte	0x50
 358 01b3 0B       		.uleb128 0xb
 359 01b4 0C000000 		.4byte	.LVL14
 360 01b8 BA000000 		.4byte	0xba
 361 01bc 0A       		.uleb128 0xa
 362 01bd 01       		.uleb128 0x1
 363 01be 50       		.byte	0x50
 364 01bf 02       		.uleb128 0x2
 365 01c0 74       		.byte	0x74
 366 01c1 00       		.sleb128 0
 367 01c2 00       		.byte	0
 368 01c3 00       		.byte	0
 369 01c4 0F       		.uleb128 0xf
 370 01c5 1D010000 		.4byte	.LASF22
 371 01c9 04       		.byte	0x4
 372 01ca 1207     		.2byte	0x712
 373 01cc D0010000 		.4byte	0x1d0
 374 01d0 10       		.uleb128 0x10
 375 01d1 8C000000 		.4byte	0x8c
 376 01d5 11       		.uleb128 0x11
 377 01d6 81000000 		.4byte	0x81
 378 01da E4010000 		.4byte	0x1e4
 379 01de 12       		.uleb128 0x12
 380 01df B3000000 		.4byte	0xb3
 381 01e3 00       		.byte	0
 382 01e4 13       		.uleb128 0x13
 383 01e5 A2010000 		.4byte	.LASF23
 384 01e9 01       		.byte	0x1
 385 01ea 10       		.byte	0x10
 386 01eb D5010000 		.4byte	0x1d5
 387 01ef 05       		.uleb128 0x5
 388 01f0 03       		.byte	0x3
 389 01f1 00000000 		.4byte	responseData
 390 01f5 14       		.uleb128 0x14
 391 01f6 27000000 		.4byte	.LASF24
 392 01fa 27000000 		.4byte	.LASF24
 393 01fe 05       		.byte	0x5
 394 01ff A4       		.byte	0xa4
 395 0200 14       		.uleb128 0x14
 396 0201 09010000 		.4byte	.LASF25
 397 0205 09010000 		.4byte	.LASF25
 398 0209 05       		.byte	0x5
 399 020a B1       		.byte	0xb1
 400 020b 14       		.uleb128 0x14
 401 020c FC010000 		.4byte	.LASF26
 402 0210 FC010000 		.4byte	.LASF26
 403 0214 05       		.byte	0x5
 404 0215 B7       		.byte	0xb7
 405 0216 14       		.uleb128 0x14
 406 0217 0A000000 		.4byte	.LASF27
 407 021b 0A000000 		.4byte	.LASF27
 408 021f 05       		.byte	0x5
 409 0220 B5       		.byte	0xb5
 410 0221 14       		.uleb128 0x14
ARM GAS  C:\Users\Malth\AppData\Local\Temp\ccnQZEev.s 			page 9


 411 0222 45020000 		.4byte	.LASF28
 412 0226 45020000 		.4byte	.LASF28
 413 022a 06       		.byte	0x6
 414 022b 8B       		.byte	0x8b
 415 022c 00       		.byte	0
 416              		.section	.debug_abbrev,"",%progbits
 417              	.Ldebug_abbrev0:
 418 0000 01       		.uleb128 0x1
 419 0001 11       		.uleb128 0x11
 420 0002 01       		.byte	0x1
 421 0003 25       		.uleb128 0x25
 422 0004 0E       		.uleb128 0xe
 423 0005 13       		.uleb128 0x13
 424 0006 0B       		.uleb128 0xb
 425 0007 03       		.uleb128 0x3
 426 0008 0E       		.uleb128 0xe
 427 0009 1B       		.uleb128 0x1b
 428 000a 0E       		.uleb128 0xe
 429 000b 55       		.uleb128 0x55
 430 000c 17       		.uleb128 0x17
 431 000d 11       		.uleb128 0x11
 432 000e 01       		.uleb128 0x1
 433 000f 10       		.uleb128 0x10
 434 0010 17       		.uleb128 0x17
 435 0011 00       		.byte	0
 436 0012 00       		.byte	0
 437 0013 02       		.uleb128 0x2
 438 0014 24       		.uleb128 0x24
 439 0015 00       		.byte	0
 440 0016 0B       		.uleb128 0xb
 441 0017 0B       		.uleb128 0xb
 442 0018 3E       		.uleb128 0x3e
 443 0019 0B       		.uleb128 0xb
 444 001a 03       		.uleb128 0x3
 445 001b 0E       		.uleb128 0xe
 446 001c 00       		.byte	0
 447 001d 00       		.byte	0
 448 001e 03       		.uleb128 0x3
 449 001f 16       		.uleb128 0x16
 450 0020 00       		.byte	0
 451 0021 03       		.uleb128 0x3
 452 0022 0E       		.uleb128 0xe
 453 0023 3A       		.uleb128 0x3a
 454 0024 0B       		.uleb128 0xb
 455 0025 3B       		.uleb128 0x3b
 456 0026 0B       		.uleb128 0xb
 457 0027 49       		.uleb128 0x49
 458 0028 13       		.uleb128 0x13
 459 0029 00       		.byte	0
 460 002a 00       		.byte	0
 461 002b 04       		.uleb128 0x4
 462 002c 24       		.uleb128 0x24
 463 002d 00       		.byte	0
 464 002e 0B       		.uleb128 0xb
 465 002f 0B       		.uleb128 0xb
 466 0030 3E       		.uleb128 0x3e
 467 0031 0B       		.uleb128 0xb
ARM GAS  C:\Users\Malth\AppData\Local\Temp\ccnQZEev.s 			page 10


 468 0032 03       		.uleb128 0x3
 469 0033 08       		.uleb128 0x8
 470 0034 00       		.byte	0
 471 0035 00       		.byte	0
 472 0036 05       		.uleb128 0x5
 473 0037 2E       		.uleb128 0x2e
 474 0038 01       		.byte	0x1
 475 0039 3F       		.uleb128 0x3f
 476 003a 19       		.uleb128 0x19
 477 003b 03       		.uleb128 0x3
 478 003c 0E       		.uleb128 0xe
 479 003d 3A       		.uleb128 0x3a
 480 003e 0B       		.uleb128 0xb
 481 003f 3B       		.uleb128 0x3b
 482 0040 0B       		.uleb128 0xb
 483 0041 27       		.uleb128 0x27
 484 0042 19       		.uleb128 0x19
 485 0043 11       		.uleb128 0x11
 486 0044 01       		.uleb128 0x1
 487 0045 12       		.uleb128 0x12
 488 0046 06       		.uleb128 0x6
 489 0047 40       		.uleb128 0x40
 490 0048 18       		.uleb128 0x18
 491 0049 9742     		.uleb128 0x2117
 492 004b 19       		.uleb128 0x19
 493 004c 01       		.uleb128 0x1
 494 004d 13       		.uleb128 0x13
 495 004e 00       		.byte	0
 496 004f 00       		.byte	0
 497 0050 06       		.uleb128 0x6
 498 0051 05       		.uleb128 0x5
 499 0052 00       		.byte	0
 500 0053 03       		.uleb128 0x3
 501 0054 0E       		.uleb128 0xe
 502 0055 3A       		.uleb128 0x3a
 503 0056 0B       		.uleb128 0xb
 504 0057 3B       		.uleb128 0x3b
 505 0058 0B       		.uleb128 0xb
 506 0059 49       		.uleb128 0x49
 507 005a 13       		.uleb128 0x13
 508 005b 02       		.uleb128 0x2
 509 005c 17       		.uleb128 0x17
 510 005d 00       		.byte	0
 511 005e 00       		.byte	0
 512 005f 07       		.uleb128 0x7
 513 0060 34       		.uleb128 0x34
 514 0061 00       		.byte	0
 515 0062 03       		.uleb128 0x3
 516 0063 0E       		.uleb128 0xe
 517 0064 3A       		.uleb128 0x3a
 518 0065 0B       		.uleb128 0xb
 519 0066 3B       		.uleb128 0x3b
 520 0067 0B       		.uleb128 0xb
 521 0068 49       		.uleb128 0x49
 522 0069 13       		.uleb128 0x13
 523 006a 02       		.uleb128 0x2
 524 006b 17       		.uleb128 0x17
ARM GAS  C:\Users\Malth\AppData\Local\Temp\ccnQZEev.s 			page 11


 525 006c 00       		.byte	0
 526 006d 00       		.byte	0
 527 006e 08       		.uleb128 0x8
 528 006f 898201   		.uleb128 0x4109
 529 0072 00       		.byte	0
 530 0073 11       		.uleb128 0x11
 531 0074 01       		.uleb128 0x1
 532 0075 31       		.uleb128 0x31
 533 0076 13       		.uleb128 0x13
 534 0077 00       		.byte	0
 535 0078 00       		.byte	0
 536 0079 09       		.uleb128 0x9
 537 007a 898201   		.uleb128 0x4109
 538 007d 01       		.byte	0x1
 539 007e 11       		.uleb128 0x11
 540 007f 01       		.uleb128 0x1
 541 0080 31       		.uleb128 0x31
 542 0081 13       		.uleb128 0x13
 543 0082 01       		.uleb128 0x1
 544 0083 13       		.uleb128 0x13
 545 0084 00       		.byte	0
 546 0085 00       		.byte	0
 547 0086 0A       		.uleb128 0xa
 548 0087 8A8201   		.uleb128 0x410a
 549 008a 00       		.byte	0
 550 008b 02       		.uleb128 0x2
 551 008c 18       		.uleb128 0x18
 552 008d 9142     		.uleb128 0x2111
 553 008f 18       		.uleb128 0x18
 554 0090 00       		.byte	0
 555 0091 00       		.byte	0
 556 0092 0B       		.uleb128 0xb
 557 0093 898201   		.uleb128 0x4109
 558 0096 01       		.byte	0x1
 559 0097 11       		.uleb128 0x11
 560 0098 01       		.uleb128 0x1
 561 0099 31       		.uleb128 0x31
 562 009a 13       		.uleb128 0x13
 563 009b 00       		.byte	0
 564 009c 00       		.byte	0
 565 009d 0C       		.uleb128 0xc
 566 009e 0F       		.uleb128 0xf
 567 009f 00       		.byte	0
 568 00a0 0B       		.uleb128 0xb
 569 00a1 0B       		.uleb128 0xb
 570 00a2 49       		.uleb128 0x49
 571 00a3 13       		.uleb128 0x13
 572 00a4 00       		.byte	0
 573 00a5 00       		.byte	0
 574 00a6 0D       		.uleb128 0xd
 575 00a7 2E       		.uleb128 0x2e
 576 00a8 01       		.byte	0x1
 577 00a9 3F       		.uleb128 0x3f
 578 00aa 19       		.uleb128 0x19
 579 00ab 03       		.uleb128 0x3
 580 00ac 0E       		.uleb128 0xe
 581 00ad 3A       		.uleb128 0x3a
ARM GAS  C:\Users\Malth\AppData\Local\Temp\ccnQZEev.s 			page 12


 582 00ae 0B       		.uleb128 0xb
 583 00af 3B       		.uleb128 0x3b
 584 00b0 0B       		.uleb128 0xb
 585 00b1 27       		.uleb128 0x27
 586 00b2 19       		.uleb128 0x19
 587 00b3 49       		.uleb128 0x49
 588 00b4 13       		.uleb128 0x13
 589 00b5 11       		.uleb128 0x11
 590 00b6 01       		.uleb128 0x1
 591 00b7 12       		.uleb128 0x12
 592 00b8 06       		.uleb128 0x6
 593 00b9 40       		.uleb128 0x40
 594 00ba 18       		.uleb128 0x18
 595 00bb 9642     		.uleb128 0x2116
 596 00bd 19       		.uleb128 0x19
 597 00be 01       		.uleb128 0x1
 598 00bf 13       		.uleb128 0x13
 599 00c0 00       		.byte	0
 600 00c1 00       		.byte	0
 601 00c2 0E       		.uleb128 0xe
 602 00c3 34       		.uleb128 0x34
 603 00c4 00       		.byte	0
 604 00c5 03       		.uleb128 0x3
 605 00c6 0E       		.uleb128 0xe
 606 00c7 3A       		.uleb128 0x3a
 607 00c8 0B       		.uleb128 0xb
 608 00c9 3B       		.uleb128 0x3b
 609 00ca 0B       		.uleb128 0xb
 610 00cb 49       		.uleb128 0x49
 611 00cc 13       		.uleb128 0x13
 612 00cd 02       		.uleb128 0x2
 613 00ce 18       		.uleb128 0x18
 614 00cf 00       		.byte	0
 615 00d0 00       		.byte	0
 616 00d1 0F       		.uleb128 0xf
 617 00d2 34       		.uleb128 0x34
 618 00d3 00       		.byte	0
 619 00d4 03       		.uleb128 0x3
 620 00d5 0E       		.uleb128 0xe
 621 00d6 3A       		.uleb128 0x3a
 622 00d7 0B       		.uleb128 0xb
 623 00d8 3B       		.uleb128 0x3b
 624 00d9 05       		.uleb128 0x5
 625 00da 49       		.uleb128 0x49
 626 00db 13       		.uleb128 0x13
 627 00dc 3F       		.uleb128 0x3f
 628 00dd 19       		.uleb128 0x19
 629 00de 3C       		.uleb128 0x3c
 630 00df 19       		.uleb128 0x19
 631 00e0 00       		.byte	0
 632 00e1 00       		.byte	0
 633 00e2 10       		.uleb128 0x10
 634 00e3 35       		.uleb128 0x35
 635 00e4 00       		.byte	0
 636 00e5 49       		.uleb128 0x49
 637 00e6 13       		.uleb128 0x13
 638 00e7 00       		.byte	0
ARM GAS  C:\Users\Malth\AppData\Local\Temp\ccnQZEev.s 			page 13


 639 00e8 00       		.byte	0
 640 00e9 11       		.uleb128 0x11
 641 00ea 01       		.uleb128 0x1
 642 00eb 01       		.byte	0x1
 643 00ec 49       		.uleb128 0x49
 644 00ed 13       		.uleb128 0x13
 645 00ee 01       		.uleb128 0x1
 646 00ef 13       		.uleb128 0x13
 647 00f0 00       		.byte	0
 648 00f1 00       		.byte	0
 649 00f2 12       		.uleb128 0x12
 650 00f3 21       		.uleb128 0x21
 651 00f4 00       		.byte	0
 652 00f5 49       		.uleb128 0x49
 653 00f6 13       		.uleb128 0x13
 654 00f7 00       		.byte	0
 655 00f8 00       		.byte	0
 656 00f9 13       		.uleb128 0x13
 657 00fa 34       		.uleb128 0x34
 658 00fb 00       		.byte	0
 659 00fc 03       		.uleb128 0x3
 660 00fd 0E       		.uleb128 0xe
 661 00fe 3A       		.uleb128 0x3a
 662 00ff 0B       		.uleb128 0xb
 663 0100 3B       		.uleb128 0x3b
 664 0101 0B       		.uleb128 0xb
 665 0102 49       		.uleb128 0x49
 666 0103 13       		.uleb128 0x13
 667 0104 3F       		.uleb128 0x3f
 668 0105 19       		.uleb128 0x19
 669 0106 02       		.uleb128 0x2
 670 0107 18       		.uleb128 0x18
 671 0108 00       		.byte	0
 672 0109 00       		.byte	0
 673 010a 14       		.uleb128 0x14
 674 010b 2E       		.uleb128 0x2e
 675 010c 00       		.byte	0
 676 010d 3F       		.uleb128 0x3f
 677 010e 19       		.uleb128 0x19
 678 010f 3C       		.uleb128 0x3c
 679 0110 19       		.uleb128 0x19
 680 0111 6E       		.uleb128 0x6e
 681 0112 0E       		.uleb128 0xe
 682 0113 03       		.uleb128 0x3
 683 0114 0E       		.uleb128 0xe
 684 0115 3A       		.uleb128 0x3a
 685 0116 0B       		.uleb128 0xb
 686 0117 3B       		.uleb128 0x3b
 687 0118 0B       		.uleb128 0xb
 688 0119 00       		.byte	0
 689 011a 00       		.byte	0
 690 011b 00       		.byte	0
 691              		.section	.debug_loc,"",%progbits
 692              	.Ldebug_loc0:
 693              	.LLST0:
 694 0000 00000000 		.4byte	.LVL0
 695 0004 09000000 		.4byte	.LVL1-1
ARM GAS  C:\Users\Malth\AppData\Local\Temp\ccnQZEev.s 			page 14


 696 0008 0100     		.2byte	0x1
 697 000a 50       		.byte	0x50
 698 000b 09000000 		.4byte	.LVL1-1
 699 000f 38000000 		.4byte	.LVL11
 700 0013 0100     		.2byte	0x1
 701 0015 55       		.byte	0x55
 702 0016 38000000 		.4byte	.LVL11
 703 001a 40000000 		.4byte	.LFE64
 704 001e 0400     		.2byte	0x4
 705 0020 F3       		.byte	0xf3
 706 0021 01       		.uleb128 0x1
 707 0022 50       		.byte	0x50
 708 0023 9F       		.byte	0x9f
 709 0024 00000000 		.4byte	0
 710 0028 00000000 		.4byte	0
 711              	.LLST1:
 712 002c 00000000 		.4byte	.LVL0
 713 0030 09000000 		.4byte	.LVL1-1
 714 0034 0100     		.2byte	0x1
 715 0036 51       		.byte	0x51
 716 0037 09000000 		.4byte	.LVL1-1
 717 003b 40000000 		.4byte	.LFE64
 718 003f 0400     		.2byte	0x4
 719 0041 F3       		.byte	0xf3
 720 0042 01       		.uleb128 0x1
 721 0043 51       		.byte	0x51
 722 0044 9F       		.byte	0x9f
 723 0045 00000000 		.4byte	0
 724 0049 00000000 		.4byte	0
 725              	.LLST2:
 726 004d 12000000 		.4byte	.LVL2
 727 0051 16000000 		.4byte	.LVL3
 728 0055 0100     		.2byte	0x1
 729 0057 50       		.byte	0x50
 730 0058 2A000000 		.4byte	.LVL7
 731 005c 2C000000 		.4byte	.LVL8
 732 0060 0100     		.2byte	0x1
 733 0062 50       		.byte	0x50
 734 0063 00000000 		.4byte	0
 735 0067 00000000 		.4byte	0
 736              	.LLST3:
 737 006b 00000000 		.4byte	.LVL12
 738 006f 08000000 		.4byte	.LVL13
 739 0073 0100     		.2byte	0x1
 740 0075 50       		.byte	0x50
 741 0076 08000000 		.4byte	.LVL13
 742 007a 28000000 		.4byte	.LFE65
 743 007e 0400     		.2byte	0x4
 744 0080 F3       		.byte	0xf3
 745 0081 01       		.uleb128 0x1
 746 0082 50       		.byte	0x50
 747 0083 9F       		.byte	0x9f
 748 0084 00000000 		.4byte	0
 749 0088 00000000 		.4byte	0
 750              		.section	.debug_aranges,"",%progbits
 751 0000 24000000 		.4byte	0x24
 752 0004 0200     		.2byte	0x2
ARM GAS  C:\Users\Malth\AppData\Local\Temp\ccnQZEev.s 			page 15


 753 0006 00000000 		.4byte	.Ldebug_info0
 754 000a 04       		.byte	0x4
 755 000b 00       		.byte	0
 756 000c 0000     		.2byte	0
 757 000e 0000     		.2byte	0
 758 0010 00000000 		.4byte	.LFB64
 759 0014 40000000 		.4byte	.LFE64-.LFB64
 760 0018 00000000 		.4byte	.LFB65
 761 001c 28000000 		.4byte	.LFE65-.LFB65
 762 0020 00000000 		.4byte	0
 763 0024 00000000 		.4byte	0
 764              		.section	.debug_ranges,"",%progbits
 765              	.Ldebug_ranges0:
 766 0000 00000000 		.4byte	.LFB64
 767 0004 40000000 		.4byte	.LFE64
 768 0008 00000000 		.4byte	.LFB65
 769 000c 28000000 		.4byte	.LFE65
 770 0010 00000000 		.4byte	0
 771 0014 00000000 		.4byte	0
 772              		.section	.debug_line,"",%progbits
 773              	.Ldebug_line0:
 774 0000 85010000 		.section	.debug_str,"MS",%progbits,1
 774      02005601 
 774      00000201 
 774      FB0E0D00 
 774      01010101 
 775              	.LASF4:
 776 0000 5F5F7569 		.ascii	"__uint8_t\000"
 776      6E74385F 
 776      7400
 777              	.LASF27:
 778 000a 4932435F 		.ascii	"I2C_MasterSendStop\000"
 778      4D617374 
 778      65725365 
 778      6E645374 
 778      6F7000
 779              	.LASF5:
 780 001d 5F5F696E 		.ascii	"__int32_t\000"
 780      7433325F 
 780      7400
 781              	.LASF24:
 782 0027 4932435F 		.ascii	"I2C_MasterClearStatus\000"
 782      4D617374 
 782      6572436C 
 782      65617253 
 782      74617475 
 783              	.LASF13:
 784 003d 666C6F61 		.ascii	"float\000"
 784      7400
 785              	.LASF18:
 786 0043 64617461 		.ascii	"data\000"
 786      00
 787              	.LASF1:
 788 0048 756E7369 		.ascii	"unsigned char\000"
 788      676E6564 
 788      20636861 
 788      7200
ARM GAS  C:\Users\Malth\AppData\Local\Temp\ccnQZEev.s 			page 16


 789              	.LASF29:
 790 0056 474E5520 		.ascii	"GNU C11 5.4.1 20160609 (release) [ARM/embedded-5-br"
 790      43313120 
 790      352E342E 
 790      31203230 
 790      31363036 
 791 0089 616E6368 		.ascii	"anch revision 237715] -mcpu=cortex-m3 -mthumb -g -O"
 791      20726576 
 791      6973696F 
 791      6E203233 
 791      37373135 
 792 00bc 67202D66 		.ascii	"g -ffunction-sections -ffat-lto-objects\000"
 792      66756E63 
 792      74696F6E 
 792      2D736563 
 792      74696F6E 
 793              	.LASF7:
 794 00e4 6C6F6E67 		.ascii	"long unsigned int\000"
 794      20756E73 
 794      69676E65 
 794      6420696E 
 794      7400
 795              	.LASF3:
 796 00f6 73686F72 		.ascii	"short unsigned int\000"
 796      7420756E 
 796      7369676E 
 796      65642069 
 796      6E7400
 797              	.LASF25:
 798 0109 4932435F 		.ascii	"I2C_MasterSendStart\000"
 798      4D617374 
 798      65725365 
 798      6E645374 
 798      61727400 
 799              	.LASF22:
 800 011d 49544D5F 		.ascii	"ITM_RxBuffer\000"
 800      52784275 
 800      66666572 
 800      00
 801              	.LASF14:
 802 012a 646F7562 		.ascii	"double\000"
 802      6C6500
 803              	.LASF31:
 804 0131 433A5C50 		.ascii	"C:\\PSoC\\GFV2 - CommunicationBusses\\Communication"
 804      536F435C 
 804      47465632 
 804      202D2043 
 804      6F6D6D75 
 805 0161 42757373 		.ascii	"Busses.cydsn\000"
 805      65732E63 
 805      7964736E 
 805      00
 806              	.LASF10:
 807 016e 756E7369 		.ascii	"unsigned int\000"
 807      676E6564 
 807      20696E74 
 807      00
ARM GAS  C:\Users\Malth\AppData\Local\Temp\ccnQZEev.s 			page 17


 808              	.LASF19:
 809 017b 61646472 		.ascii	"address\000"
 809      65737300 
 810              	.LASF9:
 811 0183 6C6F6E67 		.ascii	"long long unsigned int\000"
 811      206C6F6E 
 811      6720756E 
 811      7369676E 
 811      65642069 
 812              	.LASF11:
 813 019a 75696E74 		.ascii	"uint8_t\000"
 813      385F7400 
 814              	.LASF23:
 815 01a2 72657370 		.ascii	"responseData\000"
 815      6F6E7365 
 815      44617461 
 815      00
 816              	.LASF20:
 817 01af 72657370 		.ascii	"response\000"
 817      6F6E7365 
 817      00
 818              	.LASF30:
 819 01b8 73656E73 		.ascii	"sensor.c\000"
 819      6F722E63 
 819      00
 820              	.LASF21:
 821 01c1 636F6D62 		.ascii	"combinedValues\000"
 821      696E6564 
 821      56616C75 
 821      657300
 822              	.LASF12:
 823 01d0 696E7433 		.ascii	"int32_t\000"
 823      325F7400 
 824              	.LASF17:
 825 01d8 73697A65 		.ascii	"sizetype\000"
 825      74797065 
 825      00
 826              	.LASF8:
 827 01e1 6C6F6E67 		.ascii	"long long int\000"
 827      206C6F6E 
 827      6720696E 
 827      7400
 828              	.LASF33:
 829 01ef 67657454 		.ascii	"getTemp\000"
 829      656D7000 
 830              	.LASF15:
 831 01f7 63686172 		.ascii	"char\000"
 831      00
 832              	.LASF26:
 833 01fc 4932435F 		.ascii	"I2C_MasterReadByte\000"
 833      4D617374 
 833      65725265 
 833      61644279 
 833      746500
 834              	.LASF2:
 835 020f 73686F72 		.ascii	"short int\000"
 835      7420696E 
ARM GAS  C:\Users\Malth\AppData\Local\Temp\ccnQZEev.s 			page 18


 835      7400
 836              	.LASF32:
 837 0219 52656164 		.ascii	"Read2Bytes\000"
 837      32427974 
 837      657300
 838              	.LASF6:
 839 0224 6C6F6E67 		.ascii	"long int\000"
 839      20696E74 
 839      00
 840              	.LASF16:
 841 022d 6C6F6E67 		.ascii	"long double\000"
 841      20646F75 
 841      626C6500 
 842              	.LASF0:
 843 0239 7369676E 		.ascii	"signed char\000"
 843      65642063 
 843      68617200 
 844              	.LASF28:
 845 0245 55415254 		.ascii	"UART_1_PutString\000"
 845      5F315F50 
 845      75745374 
 845      72696E67 
 845      00
 846              		.ident	"GCC: (GNU Tools for ARM Embedded Processors) 5.4.1 20160609 (release) [ARM/embedded-5-bran
